[2022-05-14 13:38:51] Текст ошибки: Возникла ошибочка | Файл: C:\OpenServer\domains\new-ishop.loc\public\index.php | Строка: 9
===========
[2022-05-14 13:40:34] Текст ошибки: Возникла ошибочка | Файл: C:\OpenServer\domains\new-ishop.loc\public\index.php | Строка: 9
===========
[2022-05-14 13:40:35] Текст ошибки: Возникла ошибочка | Файл: C:\OpenServer\domains\new-ishop.loc\public\index.php | Строка: 9
===========
[2022-05-14 13:40:37] Текст ошибки: Возникла ошибочка | Файл: C:\OpenServer\domains\new-ishop.loc\public\index.php | Строка: 9
===========
[2022-05-14 13:40:37] Текст ошибки: Возникла ошибочка | Файл: C:\OpenServer\domains\new-ishop.loc\public\index.php | Строка: 9
===========
[2022-05-14 18:25:51] Текст ошибки: Undefined variable $test | Файл: C:\OpenServer\domains\new-ishop.loc\public\index.php | Строка: 11
===========
[2022-05-14 19:03:35] Текст ошибки: Undefined variable $test | Файл: C:\OpenServer\domains\new-ishop.loc\public\index.php | Строка: 11
===========
[2022-05-14 19:03:35] Текст ошибки: Failed opening required 'C:\OpenServer\domains\new-ishop.loc/publicerrors/production.php' (include_path='.') | Файл: C:\OpenServer\domains\new-ishop.loc\vendor\wfm\ErrorHandler.php | Строка: 78
===========
[2022-05-18 08:47:34] Текст ошибки: Class "wfm\Router" not found | Файл: C:\OpenServer\domains\new-ishop.loc\vendor\wfm\App.php | Строка: 17
===========
[2022-05-18 08:52:16] Текст ошибки: Undefined variable $test | Файл: C:\OpenServer\domains\new-ishop.loc\public\index.php | Строка: 13
===========
[2022-05-18 09:03:51] Текст ошибки: Class "Router" not found | Файл: C:\OpenServer\domains\new-ishop.loc\public\index.php | Строка: 13
===========
[2022-05-18 12:29:44] Текст ошибки: Undefined variable $k | Файл: C:\OpenServer\domains\new-ishop.loc\vendor\wfm\Router.php | Строка: 43
===========
[2022-05-18 13:04:58] Текст ошибки: Страница не найдена | Файл: C:\OpenServer\domains\new-ishop.loc\vendor\wfm\Router.php | Строка: 33
===========
[2022-05-18 13:08:42] Текст ошибки: Страница не найдена | Файл: C:\OpenServer\domains\new-ishop.loc\vendor\wfm\Router.php | Строка: 33
===========
[2022-05-18 13:12:08] Текст ошибки: Страница не найдена | Файл: C:\OpenServer\domains\new-ishop.loc\vendor\wfm\Router.php | Строка: 33
===========
[2022-05-18 13:15:21] Текст ошибки: Страница не найдена | Файл: C:\OpenServer\domains\new-ishop.loc\vendor\wfm\Router.php | Строка: 33
===========
[2022-05-18 13:23:19] Текст ошибки: Контроллер app\controllers\admin\PageController не найден | Файл: C:\OpenServer\domains\new-ishop.loc\vendor\wfm\Router.php | Строка: 36
===========
[2022-05-18 13:33:53] Текст ошибки: Контроллер app\controllers\admin\PageController не найден | Файл: C:\OpenServer\domains\new-ishop.loc\vendor\wfm\Router.php | Строка: 45
===========
[2022-05-18 13:33:57] Текст ошибки: Контроллер app\controllers\MainController не найден | Файл: C:\OpenServer\domains\new-ishop.loc\vendor\wfm\Router.php | Строка: 45
===========
[2022-05-18 13:34:34] Текст ошибки: Метод app\controllers\MainController::indexAction не найден | Файл: C:\OpenServer\domains\new-ishop.loc\vendor\wfm\Router.php | Строка: 40
===========
[2022-05-18 13:37:12] Текст ошибки: Контроллер app\controllers\PageController не найден | Файл: C:\OpenServer\domains\new-ishop.loc\vendor\wfm\Router.php | Строка: 45
===========
[2022-05-18 13:55:11] Текст ошибки: Метод app\controllers\PageController::viewAction не найден | Файл: C:\OpenServer\domains\new-ishop.loc\vendor\wfm\Router.php | Строка: 40
===========
[2022-05-18 13:58:38] Текст ошибки: Контроллер app\controllers\admin\PageController не найден | Файл: C:\OpenServer\domains\new-ishop.loc\vendor\wfm\Router.php | Строка: 45
===========
[2022-05-18 15:48:05] Текст ошибки: Контроллер app\controllers\admin\PageController не найден | Файл: C:\OpenServer\domains\new-ishop.loc\vendor\wfm\Router.php | Строка: 46
===========
[2022-05-18 15:48:29] Текст ошибки: Страница не найдена | Файл: C:\OpenServer\domains\new-ishop.loc\vendor\wfm\Router.php | Строка: 51
===========
[2022-05-19 13:29:36] Текст ошибки: Typed property wfm\Controller::$model must not be accessed before initialization | Файл: C:\OpenServer\domains\new-ishop.loc\app\controllers\MainController.php | Строка: 11
===========
[2022-05-19 13:36:00] Текст ошибки: Typed property wfm\Controller::$model must not be accessed before initialization | Файл: C:\OpenServer\domains\new-ishop.loc\app\controllers\MainController.php | Строка: 11
===========
